2024-11-29 11:22:29.796  INFO  [main] o.l.f.b.TableBuilder - 正在获取 dept 表所有字段信息：
2024-11-29 11:22:29.822  INFO  [main] o.l.f.b.TableBuilder - 表字段信息获取完成……
2024-11-29 11:22:29.823  INFO  [main] o.l.f.b.TableBuilder - 正在获取 employer 表所有字段信息：
2024-11-29 11:22:29.826  INFO  [main] o.l.f.b.TableBuilder - 表字段信息获取完成……
2024-11-29 11:25:18.404  INFO  [main] o.l.f.b.TableBuilder - 正在获取 dept 表所有字段信息：
2024-11-29 11:25:18.419  INFO  [main] o.l.f.b.TableBuilder - 表字段信息获取完成……
2024-11-29 11:25:18.420  INFO  [main] o.l.f.b.TableBuilder - 正在获取 employer 表所有字段信息：
2024-11-29 11:25:18.424  INFO  [main] o.l.f.b.TableBuilder - 表字段信息获取完成……
2024-11-29 11:25:18.530  INFO  [main] o.l.f.test - [
    {
        "tableName": "dept",
        "beanName": "Dept",
        "tableComment": "",
        "fieldInfoList": [
            {
                "fieldName": "dept_id",
                "propertyName": "deptId",
                "sqlType": "int",
                "fieldType": "Integer",
                "fieldComment": "部门id",
                "isAutoIncrement": true
            },
            {
                "fieldName": "dept_name",
                "propertyName": "deptName",
                "sqlType": "varchar",
                "fieldType": "String",
                "fieldComment": "部门名",
                "isAutoIncrement": false
            },
            {
                "fieldName": "dept_leader",
                "propertyName": "deptLeader",
                "sqlType": "int",
                "fieldType": "Integer",
                "fieldComment": "部门领导",
                "isAutoIncrement": false
            },
            {
                "fieldName": "create_time",
                "propertyName": "createTime",
                "sqlType": "datetime",
                "fieldType": "Date",
                "fieldComment": "创建时间",
                "isAutoIncrement": false
            },
            {
                "fieldName": "status",
                "propertyName": "status",
                "sqlType": "varchar",
                "fieldType": "String",
                "fieldComment": "0：存在  1：删除",
                "isAutoIncrement": false
            }
        ],
        "keyIndexInfo": {
        },
        "isExistDate": false,
        "isExistDateTime": false,
        "isBigDecimal": false
    },
    {
        "tableName": "employer",
        "beanName": "Employer",
        "tableComment": "",
        "fieldInfoList": [
            {
                "fieldName": "id",
                "propertyName": "id",
                "sqlType": "int",
                "fieldType": "Integer",
                "fieldComment": "用户表id",
                "isAutoIncrement": false
            },
            {
                "fieldName": "user_name",
                "propertyName": "userName",
                "sqlType": "varchar",
                "fieldType": "String",
                "fieldComment": "用户名",
                "isAutoIncrement": false
            },
            {
                "fieldName": "password",
                "propertyName": "password",
                "sqlType": "varchar",
                "fieldType": "String",
                "fieldComment": "密码",
                "isAutoIncrement": false
            },
            {
                "fieldName": "create_time",
                "propertyName": "createTime",
                "sqlType": "datetime",
                "fieldType": "Date",
                "fieldComment": "创建时间",
                "isAutoIncrement": false
            },
            {
                "fieldName": "status",
                "propertyName": "status",
                "sqlType": "varchar",
                "fieldType": "String",
                "fieldComment": "0：存在  1：删除",
                "isAutoIncrement": false
            }
        ],
        "keyIndexInfo": {
        },
        "isExistDate": false,
        "isExistDateTime": false,
        "isBigDecimal": false
    }
]
2024-11-29 11:29:03.212  INFO  [main] o.l.f.b.TableBuilder - 正在获取 dept 表所有字段信息：
2024-11-29 11:29:03.231  INFO  [main] o.l.f.b.TableBuilder - 表字段信息获取完成……
2024-11-29 11:29:03.231  INFO  [main] o.l.f.b.TableBuilder - 正在获取 employer 表所有字段信息：
2024-11-29 11:29:03.235  INFO  [main] o.l.f.b.TableBuilder - 表字段信息获取完成……
2024-11-29 11:29:28.305  INFO  [main] o.l.f.b.TableBuilder - 正在获取 dept 表所有字段信息：
2024-11-29 11:29:28.320  INFO  [main] o.l.f.b.TableBuilder - 表字段信息获取完成……
2024-11-29 11:29:28.321  INFO  [main] o.l.f.b.TableBuilder - 正在获取 employer 表所有字段信息：
2024-11-29 11:29:28.323  INFO  [main] o.l.f.b.TableBuilder - 表字段信息获取完成……
2024-11-29 11:29:28.430  INFO  [main] o.l.f.test - [
    {
        "tableName": "dept",
        "beanName": "Dept",
        "tableComment": "",
        "fieldInfoList": [
            {
                "fieldName": "dept_id",
                "propertyName": "deptId",
                "sqlType": "int",
                "fieldType": "Integer",
                "fieldComment": "部门id",
                "isAutoIncrement": true
            },
            {
                "fieldName": "dept_name",
                "propertyName": "deptName",
                "sqlType": "varchar",
                "fieldType": "String",
                "fieldComment": "部门名",
                "isAutoIncrement": false
            },
            {
                "fieldName": "dept_leader",
                "propertyName": "deptLeader",
                "sqlType": "int",
                "fieldType": "Integer",
                "fieldComment": "部门领导",
                "isAutoIncrement": false
            },
            {
                "fieldName": "create_time",
                "propertyName": "createTime",
                "sqlType": "datetime",
                "fieldType": "Date",
                "fieldComment": "创建时间",
                "isAutoIncrement": false
            },
            {
                "fieldName": "status",
                "propertyName": "status",
                "sqlType": "varchar",
                "fieldType": "String",
                "fieldComment": "0：存在  1：删除",
                "isAutoIncrement": false
            }
        ],
        "keyIndexInfo": {
        },
        "isExistDate": false,
        "isExistDateTime": false,
        "isBigDecimal": false
    },
    {
        "tableName": "employer",
        "beanName": "Employer",
        "tableComment": "",
        "fieldInfoList": [
            {
                "fieldName": "id",
                "propertyName": "id",
                "sqlType": "int",
                "fieldType": "Integer",
                "fieldComment": "用户表id",
                "isAutoIncrement": false
            },
            {
                "fieldName": "user_name",
                "propertyName": "userName",
                "sqlType": "varchar",
                "fieldType": "String",
                "fieldComment": "用户名",
                "isAutoIncrement": false
            },
            {
                "fieldName": "password",
                "propertyName": "password",
                "sqlType": "varchar",
                "fieldType": "String",
                "fieldComment": "密码",
                "isAutoIncrement": false
            },
            {
                "fieldName": "create_time",
                "propertyName": "createTime",
                "sqlType": "datetime",
                "fieldType": "Date",
                "fieldComment": "创建时间",
                "isAutoIncrement": false
            },
            {
                "fieldName": "status",
                "propertyName": "status",
                "sqlType": "varchar",
                "fieldType": "String",
                "fieldComment": "0：存在  1：删除",
                "isAutoIncrement": false
            }
        ],
        "keyIndexInfo": {
        },
        "isExistDate": false,
        "isExistDateTime": false,
        "isBigDecimal": false
    }
]
2024-11-29 11:35:44.998  INFO  [main] o.l.f.b.TableBuilder - 正在获取 dept 表所有字段信息：
2024-11-29 11:35:45.016  INFO  [main] o.l.f.b.TableBuilder - 表字段信息获取完成……
2024-11-29 11:35:45.017  INFO  [main] o.l.f.b.TableBuilder - 正在获取 employer 表所有字段信息：
2024-11-29 11:35:45.019  INFO  [main] o.l.f.b.TableBuilder - 表字段信息获取完成……
2024-11-29 11:36:36.848  INFO  [main] o.l.f.b.TableBuilder - 正在获取 dept 表所有字段信息：
2024-11-29 11:36:36.863  INFO  [main] o.l.f.b.TableBuilder - 表字段信息获取完成……
2024-11-29 11:36:36.863  INFO  [main] o.l.f.b.TableBuilder - 正在获取 employer 表所有字段信息：
2024-11-29 11:36:36.867  INFO  [main] o.l.f.b.TableBuilder - 表字段信息获取完成……
2024-11-29 11:37:02.223  INFO  [main] o.l.f.b.TableBuilder - 正在获取 dept 表所有字段信息：
2024-11-29 11:37:02.242  INFO  [main] o.l.f.b.TableBuilder - 表字段信息获取完成……
2024-11-29 11:37:02.243  INFO  [main] o.l.f.b.TableBuilder - 正在获取 employer 表所有字段信息：
2024-11-29 11:37:02.247  INFO  [main] o.l.f.b.TableBuilder - 表字段信息获取完成……
